#! /opt/homebrew/Cellar/icarus-verilog/12.0/bin/vvp
:ivl_version "12.0 (stable)";
:ivl_delay_selection "TYPICAL";
:vpi_time_precision - 12;
:vpi_module "/opt/homebrew/Cellar/icarus-verilog/12.0/lib/ivl/system.vpi";
:vpi_module "/opt/homebrew/Cellar/icarus-verilog/12.0/lib/ivl/vhdl_sys.vpi";
:vpi_module "/opt/homebrew/Cellar/icarus-verilog/12.0/lib/ivl/vhdl_textio.vpi";
:vpi_module "/opt/homebrew/Cellar/icarus-verilog/12.0/lib/ivl/v2005_math.vpi";
:vpi_module "/opt/homebrew/Cellar/icarus-verilog/12.0/lib/ivl/va_math.vpi";
S_0x14a904df0 .scope module, "IFU" "IFU" 2 5;
 .timescale -9 -12;
    .port_info 0 /INPUT 1 "clk";
    .port_info 1 /INPUT 1 "jump";
    .port_info 2 /INPUT 1 "branch";
    .port_info 3 /INPUT 1 "zero";
    .port_info 4 /OUTPUT 32 "instruction";
L_0x140068010 .functor BUFT 1, C4<00>, C4<0>, C4<0>, C4<0>;
v0x14a91f8b0_0 .net/2u *"_ivl_0", 1 0, L_0x140068010;  1 drivers
o0x140030340 .functor BUFZ 1, C4<z>; HiZ drive
v0x14a91f970_0 .net "branch", 0 0, o0x140030340;  0 drivers
o0x1400301f0 .functor BUFZ 1, C4<z>; HiZ drive
v0x14a91fa10_0 .net "clk", 0 0, o0x1400301f0;  0 drivers
v0x14a91fac0_0 .net "curAddr", 31 2, v0x14a91f6f0_0;  1 drivers
v0x14a91fb70_0 .net "extend_imme", 31 2, L_0x14a920480;  1 drivers
v0x14a91fc40_0 .net "instruction", 31 0, v0x14a91f220_0;  1 drivers
o0x140030370 .functor BUFZ 1, C4<z>; HiZ drive
v0x14a91fcf0_0 .net "jump", 0 0, o0x140030370;  0 drivers
v0x14a91fd80_0 .var "nextAddr", 31 2;
o0x1400303a0 .functor BUFZ 1, C4<z>; HiZ drive
v0x14a91fe30_0 .net "zero", 0 0, o0x1400303a0;  0 drivers
E_0x14a90b2b0 .event anyedge, v0x14a91f6f0_0;
L_0x14a91ffc0 .concat [ 2 30 0 0], L_0x140068010, v0x14a91f6f0_0;
L_0x14a920520 .part v0x14a91f220_0, 0, 16;
S_0x14a904f60 .scope module, "extend16to30" "Extend16to30" 2 31, 3 1 0, S_0x14a904df0;
 .timescale 0 0;
    .port_info 0 /INPUT 16 "in";
    .port_info 1 /OUTPUT 30 "out";
v0x14a912410_0 .net *"_ivl_1", 0 0, L_0x14a9200e0;  1 drivers
v0x14a91ece0_0 .net *"_ivl_2", 13 0, L_0x14a920180;  1 drivers
v0x14a91ed80_0 .net "in", 15 0, L_0x14a920520;  1 drivers
v0x14a91ee30_0 .net "out", 29 0, L_0x14a920480;  alias, 1 drivers
L_0x14a9200e0 .part L_0x14a920520, 15, 1;
LS_0x14a920180_0_0 .concat [ 1 1 1 1], L_0x14a9200e0, L_0x14a9200e0, L_0x14a9200e0, L_0x14a9200e0;
LS_0x14a920180_0_4 .concat [ 1 1 1 1], L_0x14a9200e0, L_0x14a9200e0, L_0x14a9200e0, L_0x14a9200e0;
LS_0x14a920180_0_8 .concat [ 1 1 1 1], L_0x14a9200e0, L_0x14a9200e0, L_0x14a9200e0, L_0x14a9200e0;
LS_0x14a920180_0_12 .concat [ 1 1 0 0], L_0x14a9200e0, L_0x14a9200e0;
L_0x14a920180 .concat [ 4 4 4 2], LS_0x14a920180_0_0, LS_0x14a920180_0_4, LS_0x14a920180_0_8, LS_0x14a920180_0_12;
L_0x14a920480 .concat [ 16 14 0 0], L_0x14a920520, L_0x14a920180;
S_0x14a91ef10 .scope module, "insMem" "InsMEM" 2 26, 4 1 0, S_0x14a904df0;
 .timescale 0 0;
    .port_info 0 /INPUT 32 "InsAddr";
    .port_info 1 /OUTPUT 32 "InsData";
v0x14a91f160_0 .net "InsAddr", 31 0, L_0x14a91ffc0;  1 drivers
v0x14a91f220_0 .var "InsData", 31 0;
v0x14a91f2d0 .array "rom", 0 511, 7 0;
E_0x14a91f100 .event anyedge, v0x14a91f160_0;
S_0x14a91f3b0 .scope module, "pc" "PC" 2 20, 5 1 0, S_0x14a904df0;
 .timescale 0 0;
    .port_info 0 /INPUT 1 "clk";
    .port_info 1 /INPUT 30 "nextAddr";
    .port_info 2 /OUTPUT 30 "curAddr";
v0x14a91f640_0 .net "clk", 0 0, o0x1400301f0;  alias, 0 drivers
v0x14a91f6f0_0 .var "curAddr", 29 0;
v0x14a91f7a0_0 .net "nextAddr", 29 0, v0x14a91fd80_0;  1 drivers
E_0x14a91f600 .event posedge, v0x14a91f640_0;
    .scope S_0x14a91f3b0;
T_0 ;
    %wait E_0x14a91f600;
    %load/vec4 v0x14a91f7a0_0;
    %store/vec4 v0x14a91f6f0_0, 0, 30;
    %jmp T_0;
    .thread T_0;
    .scope S_0x14a91ef10;
T_1 ;
    %vpi_call 4 9 "$readmemh", "/Users/yr/code/computer-organization/computer-organization-labs/InsMEM/user/data/Instruction.txt", v0x14a91f2d0 {0 0 0};
    %end;
    .thread T_1;
    .scope S_0x14a91ef10;
T_2 ;
    %wait E_0x14a91f100;
    %load/vec4 v0x14a91f160_0;
    %addi 3, 0, 32;
    %ix/vec4 4;
    %load/vec4a v0x14a91f2d0, 4;
    %ix/load 4, 0, 0;
    %flag_set/imm 4, 0;
    %store/vec4 v0x14a91f220_0, 4, 8;
    %load/vec4 v0x14a91f160_0;
    %addi 2, 0, 32;
    %ix/vec4 4;
    %load/vec4a v0x14a91f2d0, 4;
    %ix/load 4, 8, 0;
    %flag_set/imm 4, 0;
    %store/vec4 v0x14a91f220_0, 4, 8;
    %load/vec4 v0x14a91f160_0;
    %addi 1, 0, 32;
    %ix/vec4 4;
    %load/vec4a v0x14a91f2d0, 4;
    %ix/load 4, 16, 0;
    %flag_set/imm 4, 0;
    %store/vec4 v0x14a91f220_0, 4, 8;
    %ix/getv 4, v0x14a91f160_0;
    %load/vec4a v0x14a91f2d0, 4;
    %ix/load 4, 24, 0;
    %flag_set/imm 4, 0;
    %store/vec4 v0x14a91f220_0, 4, 8;
    %jmp T_2;
    .thread T_2, $push;
    .scope S_0x14a904df0;
T_3 ;
    %pushi/vec4 0, 0, 30;
    %store/vec4 v0x14a91fd80_0, 0, 30;
    %end;
    .thread T_3;
    .scope S_0x14a904df0;
T_4 ;
    %wait E_0x14a90b2b0;
    %load/vec4 v0x14a91fcf0_0;
    %flag_set/vec4 8;
    %jmp/0xz  T_4.0, 8;
    %load/vec4 v0x14a91fac0_0;
    %parti/s 4, 26, 6;
    %load/vec4 v0x14a91fc40_0;
    %parti/s 26, 0, 2;
    %concat/vec4; draw_concat_vec4
    %store/vec4 v0x14a91fd80_0, 0, 30;
    %vpi_call 2 39 "$display", "[DEBUG] jump curAddr: %h, nextAddr: %d", v0x14a91fac0_0, v0x14a91fd80_0 {0 0 0};
    %jmp T_4.1;
T_4.0 ;
    %load/vec4 v0x14a91f970_0;
    %flag_set/vec4 9;
    %flag_get/vec4 9;
    %jmp/0 T_4.4, 9;
    %load/vec4 v0x14a91fe30_0;
    %and;
T_4.4;
    %flag_set/vec4 8;
    %jmp/0xz  T_4.2, 8;
    %delay 10000, 0;
    %load/vec4 v0x14a91fac0_0;
    %addi 1, 0, 30;
    %load/vec4 v0x14a91fb70_0;
    %add;
    %store/vec4 v0x14a91fd80_0, 0, 30;
    %vpi_call 2 43 "$display", "[DEBUG] branch curAddr: %d, nextAddr: %d branch=%d zero=%d", v0x14a91fac0_0, v0x14a91fd80_0, v0x14a91f970_0, v0x14a91fe30_0 {0 0 0};
    %vpi_call 2 44 "$display", "[DEBUG] extend_imme: %d", v0x14a91fb70_0 {0 0 0};
    %jmp T_4.3;
T_4.2 ;
    %load/vec4 v0x14a91fac0_0;
    %addi 1, 0, 30;
    %store/vec4 v0x14a91fd80_0, 0, 30;
T_4.3 ;
T_4.1 ;
    %jmp T_4;
    .thread T_4, $push;
# The file index is used to find the file name in the following table.
:file_names 6;
    "N/A";
    "<interactive>";
    "IFU.v";
    "/Users/yr/code/computer-organization/computer-organization-labs/PC/user/src/Extend16to30.v";
    "/Users/yr/code/computer-organization/computer-organization-labs/InsMEM/user/src/InsMEM.v";
    "/Users/yr/code/computer-organization/computer-organization-labs/PC/user/src/PC.v";
