#! /opt/homebrew/Cellar/icarus-verilog/12.0/bin/vvp
:ivl_version "12.0 (stable)";
:ivl_delay_selection "TYPICAL";
:vpi_time_precision - 12;
:vpi_module "/opt/homebrew/Cellar/icarus-verilog/12.0/lib/ivl/system.vpi";
:vpi_module "/opt/homebrew/Cellar/icarus-verilog/12.0/lib/ivl/vhdl_sys.vpi";
:vpi_module "/opt/homebrew/Cellar/icarus-verilog/12.0/lib/ivl/vhdl_textio.vpi";
:vpi_module "/opt/homebrew/Cellar/icarus-verilog/12.0/lib/ivl/v2005_math.vpi";
:vpi_module "/opt/homebrew/Cellar/icarus-verilog/12.0/lib/ivl/va_math.vpi";
S_0x12a60c750 .scope module, "NPC" "NPC" 2 2;
 .timescale -9 -12;
    .port_info 0 /INPUT 30 "curAddr";
    .port_info 1 /INPUT 1 "jump";
    .port_info 2 /INPUT 1 "branch";
    .port_info 3 /INPUT 1 "zero";
    .port_info 4 /INPUT 32 "instruction";
    .port_info 5 /INPUT 30 "extend_imme";
    .port_info 6 /OUTPUT 30 "nextAddr";
o0x130040010 .functor BUFZ 1, C4<z>; HiZ drive
v0x12a608410_0 .net "branch", 0 0, o0x130040010;  0 drivers
o0x130040040 .functor BUFZ 30, C4<zzzzzzzzzzzzzzzzzzzzzzzzzzzzzz>; HiZ drive
v0x12a61c6e0_0 .net "curAddr", 31 2, o0x130040040;  0 drivers
o0x130040070 .functor BUFZ 30, C4<zzzzzzzzzzzzzzzzzzzzzzzzzzzzzz>; HiZ drive
v0x12a61c780_0 .net "extend_imme", 31 2, o0x130040070;  0 drivers
o0x1300400a0 .functor BUFZ 32, C4<zzzzzzzzzzzzzzzzzzzzzzzzzzzzzzzz>; HiZ drive
v0x12a61c830_0 .net "instruction", 31 0, o0x1300400a0;  0 drivers
o0x1300400d0 .functor BUFZ 1, C4<z>; HiZ drive
v0x12a61c8e0_0 .net "jump", 0 0, o0x1300400d0;  0 drivers
v0x12a61c9c0_0 .var "nextAddr", 31 2;
o0x130040130 .functor BUFZ 1, C4<z>; HiZ drive
v0x12a61ca70_0 .net "zero", 0 0, o0x130040130;  0 drivers
E_0x12a6087e0 .event anyedge, v0x12a61c6e0_0;
    .scope S_0x12a60c750;
T_0 ;
    %pushi/vec4 0, 0, 30;
    %store/vec4 v0x12a61c9c0_0, 0, 30;
    %end;
    .thread T_0;
    .scope S_0x12a60c750;
T_1 ;
    %wait E_0x12a6087e0;
    %load/vec4 v0x12a61c8e0_0;
    %flag_set/vec4 8;
    %jmp/0 T_1.0, 8;
    %load/vec4 v0x12a61c6e0_0;
    %parti/s 4, 26, 6;
    %load/vec4 v0x12a61c830_0;
    %parti/s 26, 0, 2;
    %concat/vec4; draw_concat_vec4
    %jmp/1 T_1.1, 8;
T_1.0 ; End of true expr.
    %load/vec4 v0x12a608410_0;
    %flag_set/vec4 10;
    %flag_get/vec4 10;
    %jmp/0 T_1.4, 10;
    %load/vec4 v0x12a61ca70_0;
    %and;
T_1.4;
    %flag_set/vec4 9;
    %jmp/0 T_1.2, 9;
    %load/vec4 v0x12a61c6e0_0;
    %addi 1, 0, 30;
    %load/vec4 v0x12a61c780_0;
    %add;
    %jmp/1 T_1.3, 9;
T_1.2 ; End of true expr.
    %load/vec4 v0x12a61c6e0_0;
    %addi 1, 0, 30;
    %jmp/0 T_1.3, 9;
 ; End of false expr.
    %blend;
T_1.3;
    %jmp/0 T_1.1, 8;
 ; End of false expr.
    %blend;
T_1.1;
    %store/vec4 v0x12a61c9c0_0, 0, 30;
    %jmp T_1;
    .thread T_1, $push;
# The file index is used to find the file name in the following table.
:file_names 3;
    "N/A";
    "<interactive>";
    "NPC.v";
