#! /opt/homebrew/Cellar/icarus-verilog/12.0/bin/vvp
:ivl_version "12.0 (stable)";
:ivl_delay_selection "TYPICAL";
:vpi_time_precision + 0;
:vpi_module "/opt/homebrew/Cellar/icarus-verilog/12.0/lib/ivl/system.vpi";
:vpi_module "/opt/homebrew/Cellar/icarus-verilog/12.0/lib/ivl/vhdl_sys.vpi";
:vpi_module "/opt/homebrew/Cellar/icarus-verilog/12.0/lib/ivl/vhdl_textio.vpi";
:vpi_module "/opt/homebrew/Cellar/icarus-verilog/12.0/lib/ivl/v2005_math.vpi";
:vpi_module "/opt/homebrew/Cellar/icarus-verilog/12.0/lib/ivl/va_math.vpi";
S_0x137704760 .scope module, "InsMEM" "InsMEM" 2 1;
 .timescale 0 0;
    .port_info 0 /INPUT 32 "InsAddr";
    .port_info 1 /OUTPUT 32 "InsData";
o0x118008010 .functor BUFZ 32, C4<zzzzzzzzzzzzzzzzzzzzzzzzzzzzzzzz>; HiZ drive
v0x137704980_0 .net "InsAddr", 31 0, o0x118008010;  0 drivers
v0x137714a40_0 .var "InsData", 31 0;
v0x137714ae0 .array "rom", 0 127, 7 0;
E_0x137704920 .event anyedge, v0x137704980_0;
    .scope S_0x137704760;
T_0 ;
    %vpi_call 2 9 "$readmemh", "/Users/yr/code/computer-organization/computer-organization-labs/InsMEM/user/data/Instruction.txt", v0x137714ae0 {0 0 0};
    %end;
    .thread T_0;
    .scope S_0x137704760;
T_1 ;
    %wait E_0x137704920;
    %load/vec4 v0x137704980_0;
    %addi 3, 0, 32;
    %ix/vec4 4;
    %load/vec4a v0x137714ae0, 4;
    %ix/load 4, 0, 0;
    %flag_set/imm 4, 0;
    %store/vec4 v0x137714a40_0, 4, 8;
    %load/vec4 v0x137704980_0;
    %addi 2, 0, 32;
    %ix/vec4 4;
    %load/vec4a v0x137714ae0, 4;
    %ix/load 4, 8, 0;
    %flag_set/imm 4, 0;
    %store/vec4 v0x137714a40_0, 4, 8;
    %load/vec4 v0x137704980_0;
    %addi 1, 0, 32;
    %ix/vec4 4;
    %load/vec4a v0x137714ae0, 4;
    %ix/load 4, 16, 0;
    %flag_set/imm 4, 0;
    %store/vec4 v0x137714a40_0, 4, 8;
    %ix/getv 4, v0x137704980_0;
    %load/vec4a v0x137714ae0, 4;
    %ix/load 4, 24, 0;
    %flag_set/imm 4, 0;
    %store/vec4 v0x137714a40_0, 4, 8;
    %jmp T_1;
    .thread T_1, $push;
# The file index is used to find the file name in the following table.
:file_names 3;
    "N/A";
    "<interactive>";
    "InsMEM.v";
