#! /opt/homebrew/Cellar/icarus-verilog/12.0/bin/vvp
:ivl_version "12.0 (stable)";
:ivl_delay_selection "TYPICAL";
:vpi_time_precision + 0;
:vpi_module "/opt/homebrew/Cellar/icarus-verilog/12.0/lib/ivl/system.vpi";
:vpi_module "/opt/homebrew/Cellar/icarus-verilog/12.0/lib/ivl/vhdl_sys.vpi";
:vpi_module "/opt/homebrew/Cellar/icarus-verilog/12.0/lib/ivl/vhdl_textio.vpi";
:vpi_module "/opt/homebrew/Cellar/icarus-verilog/12.0/lib/ivl/v2005_math.vpi";
:vpi_module "/opt/homebrew/Cellar/icarus-verilog/12.0/lib/ivl/va_math.vpi";
S_0x1257041c0 .scope module, "Reg" "Reg" 2 2;
 .timescale 0 0;
    .port_info 0 /INPUT 5 "Ra";
    .port_info 1 /INPUT 5 "Rb";
    .port_info 2 /INPUT 5 "Rw";
    .port_info 3 /INPUT 1 "RegWr";
    .port_info 4 /INPUT 32 "busW";
    .port_info 5 /INPUT 1 "Clock";
    .port_info 6 /OUTPUT 32 "busA";
    .port_info 7 /OUTPUT 32 "busB";
P_0x125704330 .param/l "n" 0 2 5, +C4<00000000000000000000000000100000>;
o0x118008010 .functor BUFZ 1, C4<z>; HiZ drive
v0x1257045a0_0 .net "Clock", 0 0, o0x118008010;  0 drivers
o0x118008040 .functor BUFZ 5, C4<zzzzz>; HiZ drive
v0x125714630_0 .net "Ra", 4 0, o0x118008040;  0 drivers
o0x118008070 .functor BUFZ 5, C4<zzzzz>; HiZ drive
v0x1257146e0_0 .net "Rb", 4 0, o0x118008070;  0 drivers
o0x1180080a0 .functor BUFZ 1, C4<z>; HiZ drive
v0x1257147a0_0 .net "RegWr", 0 0, o0x1180080a0;  0 drivers
o0x1180080d0 .functor BUFZ 5, C4<zzzzz>; HiZ drive
v0x125714840_0 .net "Rw", 4 0, o0x1180080d0;  0 drivers
v0x125714930_0 .var "busA", 31 0;
v0x1257149e0_0 .var "busB", 31 0;
o0x118008160 .functor BUFZ 32, C4<zzzzzzzzzzzzzzzzzzzzzzzzzzzzzzzz>; HiZ drive
v0x125714a90_0 .net "busW", 31 0, o0x118008160;  0 drivers
v0x125714b40 .array "mem", 31 0, 31 0;
E_0x1257043b0/0 .event anyedge, v0x1257146e0_0, v0x125714630_0;
E_0x1257043b0/1 .event negedge, v0x1257045a0_0;
E_0x1257043b0 .event/or E_0x1257043b0/0, E_0x1257043b0/1;
E_0x125704560 .event negedge, v0x1257045a0_0;
    .scope S_0x1257041c0;
T_0 ;
    %pushi/vec4 0, 0, 32;
    %ix/load 3, 0, 0;
    %flag_set/imm 4, 0;
    %ix/load 4, 0, 0; Constant delay
    %assign/vec4/a/d v0x125714b40, 0, 4;
    %pushi/vec4 0, 0, 32;
    %ix/load 3, 1, 0;
    %flag_set/imm 4, 0;
    %ix/load 4, 0, 0; Constant delay
    %assign/vec4/a/d v0x125714b40, 0, 4;
    %pushi/vec4 0, 0, 32;
    %ix/load 3, 2, 0;
    %flag_set/imm 4, 0;
    %ix/load 4, 0, 0; Constant delay
    %assign/vec4/a/d v0x125714b40, 0, 4;
    %pushi/vec4 0, 0, 32;
    %ix/load 3, 3, 0;
    %flag_set/imm 4, 0;
    %ix/load 4, 0, 0; Constant delay
    %assign/vec4/a/d v0x125714b40, 0, 4;
    %end;
    .thread T_0;
    .scope S_0x1257041c0;
T_1 ;
    %wait E_0x125704560;
    %load/vec4 v0x1257147a0_0;
    %pad/u 32;
    %cmpi/e 1, 0, 32;
    %jmp/0xz  T_1.0, 4;
    %load/vec4 v0x125714a90_0;
    %load/vec4 v0x125714840_0;
    %pad/u 7;
    %ix/vec4 3;
    %ix/load 4, 0, 0; Constant delay
    %assign/vec4/a/d v0x125714b40, 0, 4;
T_1.0 ;
    %jmp T_1;
    .thread T_1;
    .scope S_0x1257041c0;
T_2 ;
    %wait E_0x1257043b0;
    %load/vec4 v0x125714630_0;
    %pad/u 7;
    %ix/vec4 4;
    %load/vec4a v0x125714b40, 4;
    %assign/vec4 v0x125714930_0, 0;
    %load/vec4 v0x1257146e0_0;
    %pad/u 7;
    %ix/vec4 4;
    %load/vec4a v0x125714b40, 4;
    %assign/vec4 v0x1257149e0_0, 0;
    %jmp T_2;
    .thread T_2;
# The file index is used to find the file name in the following table.
:file_names 3;
    "N/A";
    "<interactive>";
    "Reg.v";
