#! /opt/homebrew/Cellar/icarus-verilog/12.0/bin/vvp
:ivl_version "12.0 (stable)";
:ivl_delay_selection "TYPICAL";
:vpi_time_precision + 0;
:vpi_module "/opt/homebrew/Cellar/icarus-verilog/12.0/lib/ivl/system.vpi";
:vpi_module "/opt/homebrew/Cellar/icarus-verilog/12.0/lib/ivl/vhdl_sys.vpi";
:vpi_module "/opt/homebrew/Cellar/icarus-verilog/12.0/lib/ivl/vhdl_textio.vpi";
:vpi_module "/opt/homebrew/Cellar/icarus-verilog/12.0/lib/ivl/v2005_math.vpi";
:vpi_module "/opt/homebrew/Cellar/icarus-verilog/12.0/lib/ivl/va_math.vpi";
S_0x1446041c0 .scope module, "MEM" "MEM" 2 3;
 .timescale 0 0;
    .port_info 0 /INPUT 32 "Address";
    .port_info 1 /INPUT 1 "VE";
    .port_info 2 /INPUT 32 "data";
    .port_info 3 /OUTPUT 32 "dataout";
    .port_info 4 /INPUT 1 "clk";
P_0x144604330 .param/l "n" 0 2 6, +C4<00000000000000000000000000100000>;
o0x138008010 .functor BUFZ 32, C4<zzzzzzzzzzzzzzzzzzzzzzzzzzzzzzzz>; HiZ drive
v0x144604540_0 .net "Address", 31 0, o0x138008010;  0 drivers
o0x138008040 .functor BUFZ 1, C4<z>; HiZ drive
v0x144614600_0 .net "VE", 0 0, o0x138008040;  0 drivers
o0x138008070 .functor BUFZ 1, C4<z>; HiZ drive
v0x1446146a0_0 .net "clk", 0 0, o0x138008070;  0 drivers
o0x1380080a0 .functor BUFZ 32, C4<zzzzzzzzzzzzzzzzzzzzzzzzzzzzzzzz>; HiZ drive
v0x144614730_0 .net "data", 31 0, o0x1380080a0;  0 drivers
v0x1446147e0_0 .var "dataout", 31 0;
v0x1446148d0 .array "mem", 0 255, 7 0;
E_0x144604490 .event anyedge, v0x144604540_0;
E_0x1446044f0 .event negedge, v0x1446146a0_0;
    .scope S_0x1446041c0;
T_0 ;
    %wait E_0x1446044f0;
    %load/vec4 v0x144614600_0;
    %pad/u 32;
    %cmpi/e 1, 0, 32;
    %jmp/0xz  T_0.0, 4;
    %load/vec4 v0x144614730_0;
    %split/vec4 8;
    %ix/getv 3, v0x144604540_0;
    %ix/load 4, 0, 0; Constant delay
    %assign/vec4/a/d v0x1446148d0, 0, 4;
    %split/vec4 8;
    %load/vec4 v0x144604540_0;
    %addi 1, 0, 32;
    %ix/vec4 3;
    %ix/load 4, 0, 0; Constant delay
    %assign/vec4/a/d v0x1446148d0, 0, 4;
    %split/vec4 8;
    %load/vec4 v0x144604540_0;
    %addi 2, 0, 32;
    %ix/vec4 3;
    %ix/load 4, 0, 0; Constant delay
    %assign/vec4/a/d v0x1446148d0, 0, 4;
    %load/vec4 v0x144604540_0;
    %addi 3, 0, 32;
    %ix/vec4 3;
    %ix/load 4, 0, 0; Constant delay
    %assign/vec4/a/d v0x1446148d0, 0, 4;
T_0.0 ;
    %jmp T_0;
    .thread T_0;
    .scope S_0x1446041c0;
T_1 ;
    %wait E_0x144604490;
    %load/vec4 v0x144604540_0;
    %addi 3, 0, 32;
    %ix/vec4 4;
    %load/vec4a v0x1446148d0, 4;
    %load/vec4 v0x144604540_0;
    %addi 2, 0, 32;
    %ix/vec4 4;
    %load/vec4a v0x1446148d0, 4;
    %concat/vec4; draw_concat_vec4
    %load/vec4 v0x144604540_0;
    %addi 1, 0, 32;
    %ix/vec4 4;
    %load/vec4a v0x1446148d0, 4;
    %concat/vec4; draw_concat_vec4
    %ix/getv 4, v0x144604540_0;
    %load/vec4a v0x1446148d0, 4;
    %concat/vec4; draw_concat_vec4
    %assign/vec4 v0x1446147e0_0, 0;
    %jmp T_1;
    .thread T_1, $push;
# The file index is used to find the file name in the following table.
:file_names 3;
    "N/A";
    "<interactive>";
    "MEM.v";
