#! /opt/homebrew/Cellar/icarus-verilog/12.0/bin/vvp
:ivl_version "12.0 (stable)";
:ivl_delay_selection "TYPICAL";
:vpi_time_precision + 0;
:vpi_module "/opt/homebrew/Cellar/icarus-verilog/12.0/lib/ivl/system.vpi";
:vpi_module "/opt/homebrew/Cellar/icarus-verilog/12.0/lib/ivl/vhdl_sys.vpi";
:vpi_module "/opt/homebrew/Cellar/icarus-verilog/12.0/lib/ivl/vhdl_textio.vpi";
:vpi_module "/opt/homebrew/Cellar/icarus-verilog/12.0/lib/ivl/v2005_math.vpi";
:vpi_module "/opt/homebrew/Cellar/icarus-verilog/12.0/lib/ivl/va_math.vpi";
S_0x123e08350 .scope module, "Reg" "Reg" 2 2;
 .timescale 0 0;
    .port_info 0 /INPUT 5 "Ra";
    .port_info 1 /INPUT 5 "Rb";
    .port_info 2 /INPUT 5 "Rv";
    .port_info 3 /INPUT 1 "RegWr";
    .port_info 4 /INPUT 32 "busV";
    .port_info 5 /INPUT 1 "Clock";
    .port_info 6 /OUTPUT 32 "busA";
    .port_info 7 /OUTPUT 32 "busB";
P_0x123e08be0 .param/l "n" 0 2 5, +C4<00000000000000000000000000100000>;
o0x128040010 .functor BUFZ 1, C4<z>; HiZ drive
v0x123e0e750_0 .net "Clock", 0 0, o0x128040010;  0 drivers
o0x128040040 .functor BUFZ 5, C4<zzzzz>; HiZ drive
v0x123e1e4c0_0 .net "Ra", 4 0, o0x128040040;  0 drivers
o0x128040070 .functor BUFZ 5, C4<zzzzz>; HiZ drive
v0x123e1e560_0 .net "Rb", 4 0, o0x128040070;  0 drivers
o0x1280400a0 .functor BUFZ 1, C4<z>; HiZ drive
v0x123e1e610_0 .net "RegWr", 0 0, o0x1280400a0;  0 drivers
o0x1280400d0 .functor BUFZ 5, C4<zzzzz>; HiZ drive
v0x123e1e6b0_0 .net "Rv", 4 0, o0x1280400d0;  0 drivers
v0x123e1e7a0_0 .var "busA", 31 0;
v0x123e1e850_0 .var "busB", 31 0;
o0x128040160 .functor BUFZ 32, C4<zzzzzzzzzzzzzzzzzzzzzzzzzzzzzzzz>; HiZ drive
v0x123e1e900_0 .net "busV", 31 0, o0x128040160;  0 drivers
v0x123e1e9b0 .array "mem", 0 31, 4 1;
E_0x123e09af0 .event anyedge, v0x123e1e560_0, v0x123e1e4c0_0;
E_0x123e09c50 .event negedge, v0x123e0e750_0;
    .scope S_0x123e08350;
T_0 ;
    %pushi/vec4 11, 0, 4;
    %ix/load 3, 1, 0;
    %flag_set/imm 4, 0;
    %ix/load 4, 0, 0; Constant delay
    %assign/vec4/a/d v0x123e1e9b0, 0, 4;
    %pushi/vec4 6, 0, 4;
    %ix/load 3, 2, 0;
    %flag_set/imm 4, 0;
    %ix/load 4, 0, 0; Constant delay
    %assign/vec4/a/d v0x123e1e9b0, 0, 4;
    %pushi/vec4 1, 0, 4;
    %ix/load 3, 3, 0;
    %flag_set/imm 4, 0;
    %ix/load 4, 0, 0; Constant delay
    %assign/vec4/a/d v0x123e1e9b0, 0, 4;
    %pushi/vec4 12, 0, 4;
    %ix/load 3, 4, 0;
    %flag_set/imm 4, 0;
    %ix/load 4, 0, 0; Constant delay
    %assign/vec4/a/d v0x123e1e9b0, 0, 4;
    %end;
    .thread T_0;
    .scope S_0x123e08350;
T_1 ;
    %wait E_0x123e09c50;
    %load/vec4 v0x123e1e6b0_0;
    %pad/u 32;
    %cmpi/e 1, 0, 32;
    %jmp/0xz  T_1.0, 4;
    %load/vec4 v0x123e1e900_0;
    %pad/u 4;
    %load/vec4 v0x123e1e6b0_0;
    %pad/u 7;
    %ix/vec4 3;
    %ix/load 4, 0, 0; Constant delay
    %assign/vec4/a/d v0x123e1e9b0, 0, 4;
T_1.0 ;
    %jmp T_1;
    .thread T_1;
    .scope S_0x123e08350;
T_2 ;
    %wait E_0x123e09af0;
    %load/vec4 v0x123e1e4c0_0;
    %pad/u 7;
    %ix/vec4 4;
    %load/vec4a v0x123e1e9b0, 4;
    %pad/u 32;
    %assign/vec4 v0x123e1e7a0_0, 0;
    %load/vec4 v0x123e1e560_0;
    %pad/u 7;
    %ix/vec4 4;
    %load/vec4a v0x123e1e9b0, 4;
    %pad/u 32;
    %assign/vec4 v0x123e1e850_0, 0;
    %jmp T_2;
    .thread T_2, $push;
# The file index is used to find the file name in the following table.
:file_names 3;
    "N/A";
    "<interactive>";
    "Reg.v";
